<?xml version="1.0" encoding="UTF-8"?>
<!-- Generated by org.testng.reporters.JUnitXMLReporter -->
<testsuite hostname="DEL1-LHP-N65027" ignored="1" name="Test" tests="4" failures="0" timestamp="2019-10-16T11:49:55 IST" time="53.585" errors="0">
  <testcase name="@AfterMethod checkResult" time="0.004" classname="tests.BaseClass">
    <failure type="java.lang.NullPointerException">
      <![CDATA[java.lang.NullPointerException
at tests.BaseClass.checkResult(BaseClass.java:70)
at java.util.ArrayList.forEach(ArrayList.java:1257)
... Removed 32 stack frames]]>
    </failure>
  </testcase> <!-- @AfterMethod checkResult -->
  <testcase name="@AfterMethod checkResult" time="-1.571206779787E9" classname="tests.BaseClass">
    <skipped/>
  </testcase> <!-- @AfterMethod checkResult -->
  <testcase name="@AfterTest FlushReport" time="-1.571206795218E9" classname="tests.BaseClass">
    <skipped/>
  </testcase> <!-- @AfterTest FlushReport -->
  <testcase name="desiredCapablity" time="19.143" classname="tests.BaseClass"/>
  <testcase name="startingScreen" time="0.0" classname="tests.BaseClass">
    <skipped/>
  </testcase> <!-- startingScreen -->
  <testcase name="credentials" time="15.08" classname="tests.test"/>
  <testcase name="editAccount" time="0.001" classname="tests.MyAccount"/>
  <testcase name="@BeforeTest setup" time="0.0" classname="tests.BASECLASSES">
    <ignored/>
  </testcase> <!-- @BeforeTest setup -->
</testsuite> <!-- Test -->
