<?xml version="1.0" encoding="UTF-8"?>
<!-- Generated by org.testng.reporters.JUnitXMLReporter -->
<testsuite hostname="DEL1-LHP-N65027" ignored="0" name="HAC" tests="2" failures="0" timestamp="2019-10-21T11:55:23 IST" time="39.494" errors="0">
  <testcase name="@AfterMethod teardown" time="0.003" classname="TestCases.LoginTest">
    <failure type="java.lang.NullPointerException">
      <![CDATA[java.lang.NullPointerException
at TestCases.LoginTest.teardown(LoginTest.java:84)
at java.util.ArrayList.forEach(ArrayList.java:1257)
... Removed 32 stack frames]]>
    </failure>
  </testcase> <!-- @AfterMethod teardown -->
  <testcase name="@AfterMethod teardown" time="0.003" classname="TestCases.MyAccountTest">
    <failure type="java.lang.NullPointerException">
      <![CDATA[java.lang.NullPointerException
at TestCases.MyAccountTest.teardown(MyAccountTest.java:83)
at java.util.ArrayList.forEach(ArrayList.java:1257)
... Removed 32 stack frames]]>
    </failure>
  </testcase> <!-- @AfterMethod teardown -->
  <testcase name="logincredential" time="0.009" classname="TestCases.LoginTest"/>
  <testcase name="editAccount" time="0.002" classname="TestCases.MyAccountTest"/>
</testsuite> <!-- HAC -->
