<?xml version="1.0" encoding="UTF-8"?>
<testng-results skipped="0" failed="0" ignored="0" total="3" passed="3">
  <reporter-output>
  </reporter-output>
  <suite name="Default suite" duration-ms="1311" started-at="2019-11-23T06:29:28Z" finished-at="2019-11-23T06:29:29Z">
    <groups>
    </groups>
    <test name="Default test" duration-ms="1311" started-at="2019-11-23T06:29:28Z" finished-at="2019-11-23T06:29:29Z">
      <class name="ApplicationPages.loginPage">
        <test-method status="PASS" signature="ExtendReportSetUp()[pri:0, instance:ApplicationPages.loginPage@5a8e6209]" name="ExtendReportSetUp" is-config="true" duration-ms="276" started-at="2019-11-23T06:29:28Z" finished-at="2019-11-23T06:29:28Z">
          <reporter-output>
          </reporter-output>
        </test-method> <!-- ExtendReportSetUp -->
        <test-method status="PASS" signature="setup()[pri:0, instance:ApplicationPages.loginPage@5a8e6209]" name="setup" duration-ms="638" started-at="2019-11-23T06:29:28Z" finished-at="2019-11-23T06:29:29Z">
          <reporter-output>
          </reporter-output>
        </test-method> <!-- setup -->
        <test-method status="PASS" signature="teardownReport(org.testng.ITestResult)[pri:0, instance:ApplicationPages.loginPage@5a8e6209]" name="teardownReport" is-config="true" duration-ms="264" started-at="2019-11-23T06:29:29Z" finished-at="2019-11-23T06:29:29Z">
          <params>
            <param index="0">
              <value>
                <![CDATA[[TestResult name=setup status=SUCCESS method=BasePage.setup()[pri:0, instance:ApplicationPages.loginPage@5a8e6209] output={null}]]]>
              </value>
            </param>
          </params>
          <reporter-output>
          </reporter-output>
        </test-method> <!-- teardownReport -->
        <test-method status="PASS" signature="credentials()[pri:1, instance:ApplicationPages.loginPage@5a8e6209]" name="credentials" duration-ms="4" started-at="2019-11-23T06:29:29Z" finished-at="2019-11-23T06:29:29Z">
          <reporter-output>
          </reporter-output>
        </test-method> <!-- credentials -->
        <test-method status="PASS" signature="teardownReport(org.testng.ITestResult)[pri:0, instance:ApplicationPages.loginPage@5a8e6209]" name="teardownReport" is-config="true" duration-ms="50" started-at="2019-11-23T06:29:29Z" finished-at="2019-11-23T06:29:29Z">
          <params>
            <param index="0">
              <value>
                <![CDATA[[TestResult name=credentials status=SUCCESS method=loginPage.credentials()[pri:1, instance:ApplicationPages.loginPage@5a8e6209] output={null}]]]>
              </value>
            </param>
          </params>
          <reporter-output>
          </reporter-output>
        </test-method> <!-- teardownReport -->
        <test-method status="PASS" signature="credentialsFail()[pri:2, instance:ApplicationPages.loginPage@5a8e6209]" name="credentialsFail" duration-ms="2" started-at="2019-11-23T06:29:29Z" finished-at="2019-11-23T06:29:29Z">
          <reporter-output>
          </reporter-output>
        </test-method> <!-- credentialsFail -->
        <test-method status="PASS" signature="teardownReport(org.testng.ITestResult)[pri:0, instance:ApplicationPages.loginPage@5a8e6209]" name="teardownReport" is-config="true" duration-ms="47" started-at="2019-11-23T06:29:29Z" finished-at="2019-11-23T06:29:29Z">
          <params>
            <param index="0">
              <value>
                <![CDATA[[TestResult name=credentialsFail status=SUCCESS method=loginPage.credentialsFail()[pri:2, instance:ApplicationPages.loginPage@5a8e6209] output={null}]]]>
              </value>
            </param>
          </params>
          <reporter-output>
          </reporter-output>
        </test-method> <!-- teardownReport -->
      </class> <!-- ApplicationPages.loginPage -->
    </test> <!-- Default test -->
  </suite> <!-- Default suite -->
</testng-results>
