<?xml version="1.0" encoding="UTF-8"?>
<!-- Generated by org.testng.reporters.JUnitXMLReporter -->
<testsuite hostname="del1-lmac-n01798" ignored="0" name="Default test" tests="3" failures="0" timestamp="23 Nov 2019 06:29:29 GMT" time="1.311" errors="0">
  <testcase name="setup" time="0.638" classname="ApplicationPages.BasePage"/>
  <testcase name="credentials" time="0.004" classname="ApplicationPages.loginPage"/>
  <testcase name="credentialsFail" time="0.002" classname="ApplicationPages.loginPage"/>
</testsuite> <!-- Default test -->
